2026-06-15 18:01:02 - INFO - =========================================
2026-06-15 18:01:02 - INFO - AI Job Watcher service started.
2026-06-15 18:01:02 - INFO - =========================================
2026-06-15 18:01:02 - INFO - Scraping jobs for Cognizant...
2026-06-15 18:01:06 - INFO - Found 10 raw cards for Cognizant
2026-06-15 18:01:06 - INFO - Extracted 0 eligible jobs for Cognizant
2026-06-15 18:01:06 - INFO - Scraping jobs for Infosys...
2026-06-15 18:01:09 - INFO - Found 10 raw cards for Infosys
2026-06-15 18:01:09 - INFO - Extracted 5 eligible jobs for Infosys
2026-06-15 18:01:09 - INFO - Scraping jobs for Accenture...
2026-06-15 18:01:14 - INFO - Found 10 raw cards for Accenture
2026-06-15 18:01:14 - INFO - Extracted 0 eligible jobs for Accenture
2026-06-15 18:01:14 - INFO - Scraping jobs for Wipro...
2026-06-15 18:01:17 - INFO - Found 10 raw cards for Wipro
2026-06-15 18:01:17 - INFO - Extracted 1 eligible jobs for Wipro
2026-06-15 18:01:17 - INFO - Scraping jobs for Capgemini...
2026-06-15 18:01:21 - INFO - Found 10 raw cards for Capgemini
2026-06-15 18:01:21 - INFO - Extracted 0 eligible jobs for Capgemini
2026-06-15 18:01:21 - INFO - Scraping jobs for Tata Consultancy Services...
2026-06-15 18:01:25 - INFO - Found 10 raw cards for Tata Consultancy Services
2026-06-15 18:01:25 - INFO - Extracted 0 eligible jobs for Tata Consultancy Services
2026-06-15 18:01:25 - INFO - Scraping jobs for HCLTech...
2026-06-15 18:01:29 - INFO - Found 10 raw cards for HCLTech
2026-06-15 18:01:29 - INFO - Extracted 3 eligible jobs for HCLTech
2026-06-15 18:01:29 - INFO - Scraping jobs for IBM...
2026-06-15 18:01:33 - INFO - Found 10 raw cards for IBM
2026-06-15 18:01:33 - INFO - Extracted 1 eligible jobs for IBM
2026-06-15 18:01:33 - INFO - Scraping jobs for Deloitte...
2026-06-15 18:01:37 - INFO - Found 10 raw cards for Deloitte
2026-06-15 18:01:37 - INFO - Extracted 0 eligible jobs for Deloitte
2026-06-15 18:01:37 - INFO - Scraping jobs for Tech Mahindra...
2026-06-15 18:01:42 - INFO - Found 10 raw cards for Tech Mahindra
2026-06-15 18:01:42 - INFO - Extracted 0 eligible jobs for Tech Mahindra
2026-06-15 18:01:42 - INFO - Scraping complete. Total eligible jobs extracted: 10
2026-06-15 18:01:42 - INFO - Total jobs returned from scraper: 10
2026-06-15 18:01:42 - INFO - Sending Telegram Message...
2026-06-15 18:01:44 - INFO - Telegram notification sent successfully.
2026-06-15 18:01:44 - INFO - Sending Telegram Message...
2026-06-15 18:01:46 - INFO - Telegram notification sent successfully.
2026-06-15 18:01:46 - INFO - Sending Telegram Message...
2026-06-15 18:01:47 - INFO - Telegram notification sent successfully.
2026-06-15 18:01:47 - INFO - Sending Telegram Message...
2026-06-15 18:01:49 - INFO - Telegram notification sent successfully.
2026-06-15 18:01:49 - INFO - Sending Telegram Message...
2026-06-15 18:01:50 - INFO - Telegram notification sent successfully.
2026-06-15 18:01:50 - INFO - Sending Telegram Message...
2026-06-15 18:01:52 - INFO - Telegram notification sent successfully.
2026-06-15 18:01:52 - INFO - Sending Telegram Message...
2026-06-15 18:01:54 - INFO - Telegram notification sent successfully.
2026-06-15 18:01:54 - INFO - Sending Telegram Message...
2026-06-15 18:01:56 - INFO - Telegram notification sent successfully.
2026-06-15 18:01:56 - INFO - Sending Telegram Message...
2026-06-15 18:02:12 - INFO - Telegram notification sent successfully.
2026-06-15 18:02:12 - INFO - Sending Telegram Message...
2026-06-15 18:02:14 - INFO - Telegram notification sent successfully.
2026-06-15 18:02:14 - INFO - Execution finished. Found 10 new job alerts.
2026-06-15 18:17:19 - INFO - =========================================
2026-06-15 18:17:19 - INFO - AI Job Watcher service started.
2026-06-15 18:17:19 - INFO - =========================================
2026-06-15 18:17:19 - INFO - Scraping jobs for Cognizant...
2026-06-15 18:17:22 - INFO - Found 10 raw cards for Cognizant
2026-06-15 18:17:22 - INFO - Extracted 0 eligible jobs for Cognizant
2026-06-15 18:17:22 - INFO - Scraping jobs for Infosys...
2026-06-15 18:17:26 - INFO - Found 10 raw cards for Infosys
2026-06-15 18:17:26 - INFO - Extracted 5 eligible jobs for Infosys
2026-06-15 18:17:26 - INFO - Scraping jobs for Accenture...
2026-06-15 18:17:29 - INFO - Found 10 raw cards for Accenture
2026-06-15 18:17:29 - INFO - Extracted 0 eligible jobs for Accenture
2026-06-15 18:17:29 - INFO - Scraping jobs for Wipro...
2026-06-15 18:17:34 - INFO - Found 10 raw cards for Wipro
2026-06-15 18:17:34 - INFO - Extracted 1 eligible jobs for Wipro
2026-06-15 18:17:34 - INFO - Scraping jobs for Capgemini...
2026-06-15 18:17:39 - INFO - Found 10 raw cards for Capgemini
2026-06-15 18:17:39 - INFO - Extracted 0 eligible jobs for Capgemini
2026-06-15 18:17:39 - INFO - Scraping jobs for Tata Consultancy Services...
2026-06-15 18:17:44 - INFO - Found 10 raw cards for Tata Consultancy Services
2026-06-15 18:17:44 - INFO - Extracted 1 eligible jobs for Tata Consultancy Services
2026-06-15 18:17:44 - INFO - Scraping jobs for HCLTech...
2026-06-15 18:17:48 - INFO - Found 10 raw cards for HCLTech
2026-06-15 18:17:48 - INFO - Extracted 3 eligible jobs for HCLTech
2026-06-15 18:17:48 - INFO - Scraping jobs for IBM...
2026-06-15 18:17:53 - INFO - Found 10 raw cards for IBM
2026-06-15 18:17:53 - INFO - Extracted 1 eligible jobs for IBM
2026-06-15 18:17:53 - INFO - Scraping jobs for Deloitte...
2026-06-15 18:17:58 - INFO - Found 10 raw cards for Deloitte
2026-06-15 18:17:58 - INFO - Extracted 0 eligible jobs for Deloitte
2026-06-15 18:17:58 - INFO - Scraping jobs for Tech Mahindra...
2026-06-15 18:18:03 - INFO - Found 10 raw cards for Tech Mahindra
2026-06-15 18:18:03 - INFO - Extracted 0 eligible jobs for Tech Mahindra
2026-06-15 18:18:03 - INFO - Scraping complete. Total eligible jobs extracted: 11
2026-06-15 18:18:03 - INFO - Total jobs returned from scraper: 11
2026-06-15 18:18:03 - INFO - Sending Telegram Message...
2026-06-15 18:18:05 - INFO - Telegram notification sent successfully.
2026-06-15 18:18:05 - INFO - Execution finished. Found 1 new job alerts.
